app/build/outputs/logs/manifest-merger-debug-report.txt
-- Merging decision tree log ---
manifest
ADDED from src\main\AndroidManifest.xml:2:1-118:12
	package
		ADDED from src\main\AndroidManifest.xml:3:5-30
		INJECTED from src\main\AndroidManifest.xml
		INJECTED from src\main\AndroidManifest.xml
	android:versionName
		ADDED from src\main\AndroidManifest.xml:5:5-30
		INJECTED from src\main\AndroidManifest.xml
		INJECTED from src\main\AndroidManifest.xml
	android:versionCode
		ADDED from src\main\AndroidManifest.xml:4:5-28
		INJECTED from src\main\AndroidManifest.xml
		INJECTED from src\main\AndroidManifest.xml
	xmlns:android
		ADDED from src\main\AndroidManifest.xml:2:11-69
uses-sdk
ADDED from src\main\AndroidManifest.xml:7:5-9:41
MERGED from [com.android.support:design:25.0.0] AndroidManifest.xml:21:5-23:62
MERGED from [com.android.support:appcompat-v7:25.0.0] AndroidManifest.xml:21:5-23:78
MERGED from [com.android.support:animated-vector-drawable:25.0.0] AndroidManifest.xml:20:5-44
MERGED from [com.android.support:support-vector-drawable:25.0.0] AndroidManifest.xml:21:5-43
MERGED from [com.android.support:recyclerview-v7:25.0.0] AndroidManifest.xml:20:5-43
MERGED from [com.android.support:transition:25.0.0] AndroidManifest.xml:20:5-44
MERGED from [com.mcxiaoke.volley:library-aar:1.0.0] AndroidManifest.xml:3:5-72
MERGED from [com.android.support.constraint:constraint-layout:1.0.0-alpha7] AndroidManifest.xml:5:5-7:41
MERGED from [com.android.support:support-v4:25.0.0] AndroidManifest.xml:21:5-23:54
MERGED from [com.android.support:support-fragment:25.0.0] AndroidManifest.xml:21:5-23:60
MERGED from [com.android.support:support-media-compat:25.0.0] AndroidManifest.xml:21:5-23:63
MERGED from [com.android.support:support-core-ui:25.0.0] AndroidManifest.xml:21:5-23:58
MERGED from [com.android.support:support-core-utils:25.0.0] AndroidManifest.xml:21:5-23:61
MERGED from [com.android.support:support-compat:25.0.0] AndroidManifest.xml:21:5-23:58
	tools:overrideLibrary
		ADDED from [com.android.support:design:25.0.0] AndroidManifest.xml:23:9-59
	android:targetSdkVersion
		ADDED from src\main\AndroidManifest.xml:9:9-38
		INJECTED from src\main\AndroidManifest.xml
		INJECTED from src\main\AndroidManifest.xml
	android:minSdkVersion
		ADDED from src\main\AndroidManifest.xml:8:9-34
		INJECTED from src\main\AndroidManifest.xml
		INJECTED from src\main\AndroidManifest.xml
uses-permission#android.permission.INTERNET
ADDED from src\main\AndroidManifest.xml:11:5-67
	android:name
		ADDED from src\main\AndroidManifest.xml:11:22-64
uses-permission#android.permission.WRITE_EXTERNAL_STORAGE
ADDED from src\main\AndroidManifest.xml:12:5-81
	android:name
		ADDED from src\main\AndroidManifest.xml:12:22-78
uses-permission#android.permission.READ_PHONE_STATE
ADDED from src\main\AndroidManifest.xml:13:5-75
	android:name
		ADDED from src\main\AndroidManifest.xml:13:22-72
uses-permission#android.permission.READ_EXTERNAL_STORAGE
ADDED from src\main\AndroidManifest.xml:14:5-80
	android:name
		ADDED from src\main\AndroidManifest.xml:14:22-77
application
ADDED from src\main\AndroidManifest.xml:16:5-116:19
MERGED from [com.android.support:design:25.0.0] AndroidManifest.xml:25:5-20
MERGED from [com.android.support:appcompat-v7:25.0.0] AndroidManifest.xml:25:5-20
MERGED from [com.android.support:animated-vector-drawable:25.0.0] AndroidManifest.xml:22:5-20
MERGED from [com.android.support:support-vector-drawable:25.0.0] AndroidManifest.xml:23:5-20
MERGED from [com.android.support:transition:25.0.0] AndroidManifest.xml:22:5-20
MERGED from [com.mcxiaoke.volley:library-aar:1.0.0] AndroidManifest.xml:5:5-19
MERGED from [com.android.support.constraint:constraint-layout:1.0.0-alpha7] AndroidManifest.xml:9:5-20
MERGED from [com.android.support:support-v4:25.0.0] AndroidManifest.xml:25:5-20
MERGED from [com.android.support:support-fragment:25.0.0] AndroidManifest.xml:25:5-20
MERGED from [com.android.support:support-media-compat:25.0.0] AndroidManifest.xml:25:5-20
MERGED from [com.android.support:support-core-ui:25.0.0] AndroidManifest.xml:25:5-20
MERGED from [com.android.support:support-core-utils:25.0.0] AndroidManifest.xml:25:5-20
MERGED from [com.android.support:support-compat:25.0.0] AndroidManifest.xml:25:5-20
	android:label
		ADDED from src\main\AndroidManifest.xml:20:9-41
	android:allowBackup
		ADDED from src\main\AndroidManifest.xml:18:9-35
	android:icon
		ADDED from src\main\AndroidManifest.xml:19:9-42
	android:theme
		ADDED from src\main\AndroidManifest.xml:21:9-40
	android:name
		ADDED from src\main\AndroidManifest.xml:17:9-42
activity#afyapepe.mobile.activity.LoginActivity
ADDED from src\main\AndroidManifest.xml:22:9-33:20
	android:screenOrientation
		ADDED from src\main\AndroidManifest.xml:26:13-49
	android:label
		ADDED from src\main\AndroidManifest.xml:24:13-45
	android:launchMode
		ADDED from src\main\AndroidManifest.xml:25:13-43
	android:windowSoftInputMode
		ADDED from src\main\AndroidManifest.xml:27:13-52
	android:name
		ADDED from src\main\AndroidManifest.xml:23:13-51
intent-filter#android.intent.action.MAIN+android.intent.category.LAUNCHER
ADDED from src\main\AndroidManifest.xml:28:13-32:29
action#android.intent.action.MAIN
ADDED from src\main\AndroidManifest.xml:29:17-69
	android:name
		ADDED from src\main\AndroidManifest.xml:29:25-66
category#android.intent.category.LAUNCHER
ADDED from src\main\AndroidManifest.xml:31:17-77
	android:name
		ADDED from src\main\AndroidManifest.xml:31:27-74
activity#afyapepe.mobile.activity.SplashActivity
ADDED from src\main\AndroidManifest.xml:34:9-43:20
	android:label
		ADDED from src\main\AndroidManifest.xml:36:13-45
	android:theme
		ADDED from src\main\AndroidManifest.xml:37:13-47
	android:name
		ADDED from src\main\AndroidManifest.xml:35:13-52
activity#afyapepe.mobile.activity.RegisterActivity
ADDED from src\main\AndroidManifest.xml:44:9-49:55
	android:screenOrientation
		ADDED from src\main\AndroidManifest.xml:48:13-49
	android:label
		ADDED from src\main\AndroidManifest.xml:46:13-45
	android:launchMode
		ADDED from src\main\AndroidManifest.xml:47:13-43
	android:windowSoftInputMode
		ADDED from src\main\AndroidManifest.xml:49:13-52
	android:name
		ADDED from src\main\AndroidManifest.xml:45:13-54
activity#afyapepe.mobile.activity.MainActivity
ADDED from src\main\AndroidManifest.xml:50:9-53:46
	android:label
		ADDED from src\main\AndroidManifest.xml:52:13-45
	android:launchMode
		ADDED from src\main\AndroidManifest.xml:53:13-43
	android:name
		ADDED from src\main\AndroidManifest.xml:51:13-50
activity#afyapepe.mobile.activity.Registrar
ADDED from src\main\AndroidManifest.xml:54:9-56:53
	android:screenOrientation
		ADDED from src\main\AndroidManifest.xml:56:13-50
	android:name
		ADDED from src\main\AndroidManifest.xml:55:13-47
activity#afyapepe.mobile.activity.Admin
ADDED from src\main\AndroidManifest.xml:57:9-59:53
	android:screenOrientation
		ADDED from src\main\AndroidManifest.xml:59:13-50
	android:name
		ADDED from src\main\AndroidManifest.xml:58:13-43
activity#afyapepe.mobile.activity.PharmMan
ADDED from src\main\AndroidManifest.xml:60:9-62:53
	android:screenOrientation
		ADDED from src\main\AndroidManifest.xml:62:13-50
	android:name
		ADDED from src\main\AndroidManifest.xml:61:13-46
activity#afyapepe.mobile.activity.PharmSto
ADDED from src\main\AndroidManifest.xml:63:9-65:52
	android:screenOrientation
		ADDED from src\main\AndroidManifest.xml:65:13-49
	android:name
		ADDED from src\main\AndroidManifest.xml:64:13-46
activity#afyapepe.mobile.activity.FacilityAdm
ADDED from src\main\AndroidManifest.xml:66:9-68:52
	android:screenOrientation
		ADDED from src\main\AndroidManifest.xml:68:13-49
	android:name
		ADDED from src\main\AndroidManifest.xml:67:13-49
activity#afyapepe.mobile.activity.registrarpage
ADDED from src\main\AndroidManifest.xml:69:9-71:52
	android:screenOrientation
		ADDED from src\main\AndroidManifest.xml:71:13-49
	android:name
		ADDED from src\main\AndroidManifest.xml:70:13-51
activity#afyapepe.mobile.activity.Registafya
ADDED from src\main\AndroidManifest.xml:72:9-77:54
	android:screenOrientation
		ADDED from src\main\AndroidManifest.xml:76:13-49
	android:label
		ADDED from src\main\AndroidManifest.xml:75:13-62
	android:configChanges
		ADDED from src\main\AndroidManifest.xml:74:13-74
	android:theme
		ADDED from src\main\AndroidManifest.xml:77:13-51
	android:name
		ADDED from src\main\AndroidManifest.xml:73:13-48
activity#afyapepe.mobile.activity.Registactiv
ADDED from src\main\AndroidManifest.xml:78:9-80:52
	android:screenOrientation
		ADDED from src\main\AndroidManifest.xml:80:13-49
	android:name
		ADDED from src\main\AndroidManifest.xml:79:13-49
activity#afyapepe.mobile.activity.Doctorn
ADDED from src\main\AndroidManifest.xml:81:9-83:52
	android:screenOrientation
		ADDED from src\main\AndroidManifest.xml:83:13-49
	android:name
		ADDED from src\main\AndroidManifest.xml:82:13-45
activity#afyapepe.mobile.activity.Nurse
ADDED from src\main\AndroidManifest.xml:84:9-86:52
	android:screenOrientation
		ADDED from src\main\AndroidManifest.xml:86:13-49
	android:name
		ADDED from src\main\AndroidManifest.xml:85:13-43
activity#afyapepe.mobile.activity.Manufacturer
ADDED from src\main\AndroidManifest.xml:87:9-89:52
	android:screenOrientation
		ADDED from src\main\AndroidManifest.xml:89:13-49
	android:name
		ADDED from src\main\AndroidManifest.xml:88:13-50
activity#afyapepe.mobile.activity.Patient
ADDED from src\main\AndroidManifest.xml:90:9-92:52
	android:screenOrientation
		ADDED from src\main\AndroidManifest.xml:92:13-49
	android:name
		ADDED from src\main\AndroidManifest.xml:91:13-45
activity#afyapepe.mobile.activity.Private
ADDED from src\main\AndroidManifest.xml:93:9-95:52
	android:screenOrientation
		ADDED from src\main\AndroidManifest.xml:95:13-49
	android:name
		ADDED from src\main\AndroidManifest.xml:94:13-45
activity#afyapepe.mobile.activity.PharmacyStoKep
ADDED from src\main\AndroidManifest.xml:96:9-98:52
	android:screenOrientation
		ADDED from src\main\AndroidManifest.xml:98:13-49
	android:name
		ADDED from src\main\AndroidManifest.xml:97:13-52
activity#afyapepe.mobile.activity.PharmacyMan
ADDED from src\main\AndroidManifest.xml:99:9-101:52
	android:screenOrientation
		ADDED from src\main\AndroidManifest.xml:101:13-49
	android:name
		ADDED from src\main\AndroidManifest.xml:100:13-49
activity#afyapepe.mobile.activity.RegistScreen
ADDED from src\main\AndroidManifest.xml:102:9-104:52
	android:screenOrientation
		ADDED from src\main\AndroidManifest.xml:104:13-49
	android:name
		ADDED from src\main\AndroidManifest.xml:103:13-50
activity#afyapepe.mobile.activity.tpatient
ADDED from src\main\AndroidManifest.xml:105:9-55
	android:name
		ADDED from src\main\AndroidManifest.xml:105:19-52
activity#afyapepe.mobile.activity.apatient
ADDED from src\main\AndroidManifest.xml:106:9-55
	android:name
		ADDED from src\main\AndroidManifest.xml:106:19-52
activity#afyapepe.mobile.activity.consulfee
ADDED from src\main\AndroidManifest.xml:107:9-56
	android:name
		ADDED from src\main\AndroidManifest.xml:107:19-53
activity#afyapepe.mobile.activity.indpatients
ADDED from src\main\AndroidManifest.xml:108:9-58
	android:name
		ADDED from src\main\AndroidManifest.xml:108:19-55
activity#afyapepe.mobile.activity.PatientsActivity
ADDED from src\main\AndroidManifest.xml:109:9-111:59
	android:theme
		ADDED from src\main\AndroidManifest.xml:111:13-56
	android:name
		ADDED from src\main\AndroidManifest.xml:110:13-54
activity#afyapepe.mobile.activity.PatientDetailsActivity
ADDED from src\main\AndroidManifest.xml:112:9-115:68
	android:label
		ADDED from src\main\AndroidManifest.xml:114:13-67
	android:theme
		ADDED from src\main\AndroidManifest.xml:115:13-56
	android:name
		ADDED from src\main\AndroidManifest.xml:113:13-60